#
# There is insufficient memory for the Java Runtime Environment to continue.
# Native memory allocation (mmap) failed to map 41943040 bytes for Failed to commit area from 0x000000008b000000 to 0x000000008d800000 of length 41943040.
# Possible reasons:
#   The system is out of physical RAM or swap space
#   The process is running with CompressedOops enabled, and the Java Heap may be blocking the growth of the native heap
# Possible solutions:
#   Reduce memory load on the system
#   Increase physical memory or swap space
#   Check if swap backing store is full
#   Decrease Java heap size (-Xmx/-Xms)
#   Decrease number of Java threads
#   Decrease Java thread stack sizes (-Xss)
#   Set larger code cache with -XX:ReservedCodeCacheSize=
#   JVM is running with Unscaled Compressed Oops mode in which the Java heap is
#     placed in the first 4GB address space. The Java Heap base address is the
#     maximum limit for the native heap growth. Please use -XX:HeapBaseMinAddress
#     to set the Java Heap base and to place the Java Heap above 4GB virtual address.
# This output file may be truncated or incomplete.
#
#  Out of Memory Error (./src/hotspot/os/windows/os_windows.cpp:3311), pid=16204, tid=13724
#
# JRE version: OpenJDK Runtime Environment Temurin-11.0.12+7 (11.0.12+7) (build 11.0.12+7)
# Java VM: OpenJDK 64-Bit Server VM Temurin-11.0.12+7 (11.0.12+7, mixed mode, tiered, compressed oops, g1 gc, windows-amd64)
# No core dump will be written. Minidumps are not enabled by default on client versions of Windows
#

---------------  S U M M A R Y ------------

Command Line: -Dfile.encoding=Cp1252 minesweeper.GameFrame

Host: Intel(R) Core(TM) i7-4500U CPU @ 1.80GHz, 4 cores, 7G,  Windows 10 , 64 bit Build 19041 (10.0.19041.2788)
Time: Tue May  2 23:13:14 2023 SE Asia Standard Time elapsed time: 21.712955 seconds (0d 0h 0m 21s)

---------------  T H R E A D  ---------------

Current thread (0x0000023f501b4800):  VMThread "VM Thread" [stack: 0x000000dbf2000000,0x000000dbf2100000] [id=13724]

Stack: [0x000000dbf2000000,0x000000dbf2100000]
[error occurred during error reporting (printing stack bounds), id 0xc0000005, EXCEPTION_ACCESS_VIOLATION (0xc0000005) at pc=0x0000023f39a0112d]

Native frames: (J=compiled Java code, j=interpreted, Vv=VM code, C=native code)
V  [jvm.dll+0x601d0a]
V  [jvm.dll+0x78ab6e]
V  [jvm.dll+0x78c23f]
V  [jvm.dll+0x78c865]
V  [jvm.dll+0x78c81b]
V  [jvm.dll+0x6011f3]
V  [jvm.dll+0x601908]
C  [ntdll.dll+0xa23df]
C  [ntdll.dll+0x514a4]
C  [ntdll.dll+0xa0f0e]
C  0x0000023f39a0112d

VM_Operation (0x000000dbf1a9ab30): G1CollectForAllocation, mode: safepoint, requested by thread 0x0000023f312b6800


---------------  P R O C E S S  ---------------

Threads class SMR info:
_java_thread_list=0x0000023f514642a0, length=12, elements={
0x0000023f312b6800, 0x0000023f501e8800, 0x0000023f501e1000, 0x0000023f501f2000,
0x0000023f501f2800, 0x0000023f501f3800, 0x0000023f501f6800, 0x0000023f50bb8800,
0x0000023f50bd4800, 0x0000023f50cc3000, 0x0000023f50fd7000, 0x0000023f51073800
}

Java Threads: ( => current thread )
  0x0000023f312b6800 JavaThread "main" [_thread_blocked, id=2004, stack(0x000000dbf1a00000,0x000000dbf1b00000)]
  0x0000023f501e8800 JavaThread "Reference Handler" daemon [_thread_blocked, id=6088, stack(0x000000dbf2100000,0x000000dbf2200000)]
  0x0000023f501e1000 JavaThread "Finalizer" daemon [_thread_blocked, id=6952, stack(0x000000dbf2200000,0x000000dbf2300000)]
  0x0000023f501f2000 JavaThread "Signal Dispatcher" daemon [_thread_blocked, id=14052, stack(0x000000dbf2300000,0x000000dbf2400000)]
  0x0000023f501f2800 JavaThread "Attach Listener" daemon [_thread_blocked, id=9808, stack(0x000000dbf2400000,0x000000dbf2500000)]
  0x0000023f501f3800 JavaThread "Service Thread" daemon [_thread_blocked, id=12248, stack(0x000000dbf2500000,0x000000dbf2600000)]
  0x0000023f501f6800 JavaThread "C2 CompilerThread0" daemon [_thread_blocked, id=15468, stack(0x000000dbf2600000,0x000000dbf2700000)]
  0x0000023f50bb8800 JavaThread "C1 CompilerThread0" daemon [_thread_blocked, id=540, stack(0x000000dbf2700000,0x000000dbf2800000)]
  0x0000023f50bd4800 JavaThread "Sweeper thread" daemon [_thread_blocked, id=16308, stack(0x000000dbf2800000,0x000000dbf2900000)]
  0x0000023f50cc3000 JavaThread "Common-Cleaner" daemon [_thread_blocked, id=13508, stack(0x000000dbf2a00000,0x000000dbf2b00000)]
  0x0000023f50fd7000 JavaThread "Java2D Disposer" daemon [_thread_blocked, id=16728, stack(0x000000dbf2b00000,0x000000dbf2c00000)]
  0x0000023f51073800 JavaThread "AWT-Windows" daemon [_thread_in_native, id=2744, stack(0x000000dbf2d00000,0x000000dbf2e00000)]

Other Threads:
=>0x0000023f501b4800 VMThread "VM Thread" [stack: 0x000000dbf2000000,0x000000dbf2100000] [id=13724]
  0x0000023f50cbb000 WatcherThread [stack: 0x000000dbf2900000,0x000000dbf2a00000] [id=5676]
  0x0000023f312d0000 GCTaskThread "GC Thread#0" [stack: 0x000000dbf1b00000,0x000000dbf1c00000] [id=15080]
  0x0000023f511fe800 GCTaskThread "GC Thread#1" [stack: 0x000000dbf3000000,0x000000dbf3100000] [id=8452]
  0x0000023f51065800 GCTaskThread "GC Thread#2" [stack: 0x000000dbf3100000,0x000000dbf3200000] [id=1688]
  0x0000023f52480000 GCTaskThread "GC Thread#3" [stack: 0x000000dbf3200000,0x000000dbf3300000] [id=16476]
  0x0000023f312ff000 ConcurrentGCThread "G1 Main Marker" [stack: 0x000000dbf1c00000,0x000000dbf1d00000] [id=2408]
  0x0000023f31300800 ConcurrentGCThread "G1 Conc#0" [stack: 0x000000dbf1d00000,0x000000dbf1e00000] [id=14692]
  0x0000023f31392800 ConcurrentGCThread "G1 Refine#0" [stack: 0x000000dbf1e00000,0x000000dbf1f00000] [id=8604]
  0x0000023f50fe6800 ConcurrentGCThread "G1 Refine#1" [stack: 0x000000dbf3300000,0x000000dbf3400000] [id=10432]
  0x0000023f5124b000 ConcurrentGCThread "G1 Refine#2" [stack: 0x000000dbf3400000,0x000000dbf3500000] [id=12732]
  0x0000023f511fd800 ConcurrentGCThread "G1 Refine#3" [stack: 0x000000dbf3500000,0x000000dbf3600000] [id=17152]
  0x0000023f3139b800 ConcurrentGCThread "G1 Young RemSet Sampling" [stack: 0x000000dbf1f00000,0x000000dbf2000000] [id=14028]

Threads with active compile tasks:

VM state:at safepoint (normal execution)

VM Mutex/Monitor currently owned by a thread:  ([mutex/lock_event])
[0x0000023f312b5db0] Threads_lock - owner thread: 0x0000023f501b4800
[0x0000023f312b4580] Heap_lock - owner thread: 0x0000023f312b6800

Heap address: 0x0000000081600000, size: 2026 MB, Compressed Oops mode: 32-bit
Narrow klass base: 0x0000000000000000, Narrow klass shift: 3
Compressed class space size: 1073741824 Address: 0x0000000100000000

Heap:
 garbage-first heap   total 198656K, used 94720K [0x0000000081600000, 0x0000000100000000)
  region size 1024K, 4 young (4096K), 4 survivors (4096K)
 Metaspace       used 12305K, capacity 12656K, committed 12800K, reserved 1060864K
  class space    used 1283K, capacity 1453K, committed 1536K, reserved 1048576K
Heap Regions: E=young(eden), S=young(survivor), O=old, HS=humongous(starts), HC=humongous(continues), CS=collection set, F=free, A=archive, TAMS=top-at-mark-start (previous, next)
|   0|0x0000000081600000, 0x0000000081700000, 0x0000000081700000|100%| O|  |TAMS 0x0000000081600000, 0x0000000081700000| Untracked 
|   1|0x0000000081700000, 0x0000000081800000, 0x0000000081800000|100%| O|  |TAMS 0x0000000081700000, 0x0000000081800000| Untracked 
|   2|0x0000000081800000, 0x0000000081900000, 0x0000000081900000|100%| O|  |TAMS 0x0000000081800000, 0x0000000081900000| Untracked 
|   3|0x0000000081900000, 0x0000000081a00000, 0x0000000081a00000|100%| O|  |TAMS 0x0000000081900000, 0x0000000081a00000| Untracked 
|   4|0x0000000081a00000, 0x0000000081b00000, 0x0000000081b00000|100%| O|  |TAMS 0x0000000081a00000, 0x0000000081b00000| Untracked 
|   5|0x0000000081b00000, 0x0000000081c00000, 0x0000000081c00000|100%| O|  |TAMS 0x0000000081b00000, 0x0000000081c00000| Untracked 
|   6|0x0000000081c00000, 0x0000000081d00000, 0x0000000081d00000|100%| O|  |TAMS 0x0000000081c00000, 0x0000000081d00000| Untracked 
|   7|0x0000000081d00000, 0x0000000081e00000, 0x0000000081e00000|100%| O|  |TAMS 0x0000000081d00000, 0x0000000081e00000| Untracked 
|   8|0x0000000081e00000, 0x0000000081f00000, 0x0000000081f00000|100%| O|  |TAMS 0x0000000081e00000, 0x0000000081f00000| Untracked 
|   9|0x0000000081f00000, 0x0000000082000000, 0x0000000082000000|100%| O|  |TAMS 0x0000000081f00000, 0x0000000082000000| Untracked 
|  10|0x0000000082000000, 0x0000000082100000, 0x0000000082100000|100%| O|  |TAMS 0x0000000082000000, 0x0000000082100000| Untracked 
|  11|0x0000000082100000, 0x0000000082200000, 0x0000000082200000|100%| O|  |TAMS 0x0000000082100000, 0x0000000082200000| Untracked 
|  12|0x0000000082200000, 0x0000000082300000, 0x0000000082300000|100%| O|  |TAMS 0x0000000082200000, 0x0000000082300000| Untracked 
|  13|0x0000000082300000, 0x0000000082400000, 0x0000000082400000|100%| O|  |TAMS 0x0000000082300000, 0x0000000082400000| Untracked 
|  14|0x0000000082400000, 0x0000000082500000, 0x0000000082500000|100%| O|  |TAMS 0x0000000082400000, 0x0000000082500000| Untracked 
|  15|0x0000000082500000, 0x0000000082600000, 0x0000000082600000|100%| O|  |TAMS 0x0000000082500000, 0x0000000082600000| Untracked 
|  16|0x0000000082600000, 0x0000000082700000, 0x0000000082700000|100%| O|  |TAMS 0x0000000082600000, 0x0000000082700000| Untracked 
|  17|0x0000000082700000, 0x0000000082800000, 0x0000000082800000|100%| O|  |TAMS 0x0000000082700000, 0x0000000082800000| Untracked 
|  18|0x0000000082800000, 0x0000000082900000, 0x0000000082900000|100%| O|  |TAMS 0x0000000082800000, 0x0000000082900000| Untracked 
|  19|0x0000000082900000, 0x0000000082a00000, 0x0000000082a00000|100%| O|  |TAMS 0x0000000082900000, 0x0000000082a00000| Untracked 
|  20|0x0000000082a00000, 0x0000000082b00000, 0x0000000082b00000|100%| O|  |TAMS 0x0000000082a00000, 0x0000000082b00000| Untracked 
|  21|0x0000000082b00000, 0x0000000082c00000, 0x0000000082c00000|100%| O|  |TAMS 0x0000000082b00000, 0x0000000082c00000| Untracked 
|  22|0x0000000082c00000, 0x0000000082d00000, 0x0000000082d00000|100%| O|  |TAMS 0x0000000082c00000, 0x0000000082d00000| Untracked 
|  23|0x0000000082d00000, 0x0000000082e00000, 0x0000000082e00000|100%| O|  |TAMS 0x0000000082d00000, 0x0000000082e00000| Untracked 
|  24|0x0000000082e00000, 0x0000000082f00000, 0x0000000082f00000|100%| O|  |TAMS 0x0000000082e00000, 0x0000000082f00000| Untracked 
|  25|0x0000000082f00000, 0x0000000083000000, 0x0000000083000000|100%| O|  |TAMS 0x0000000082f00000, 0x0000000083000000| Untracked 
|  26|0x0000000083000000, 0x0000000083100000, 0x0000000083100000|100%| O|  |TAMS 0x0000000083000000, 0x0000000083100000| Untracked 
|  27|0x0000000083100000, 0x0000000083200000, 0x0000000083200000|100%| O|  |TAMS 0x0000000083100000, 0x0000000083200000| Untracked 
|  28|0x0000000083200000, 0x0000000083300000, 0x0000000083300000|100%| O|  |TAMS 0x0000000083200000, 0x0000000083300000| Untracked 
|  29|0x0000000083300000, 0x0000000083400000, 0x0000000083400000|100%| O|  |TAMS 0x0000000083300000, 0x0000000083400000| Untracked 
|  30|0x0000000083400000, 0x0000000083500000, 0x0000000083500000|100%| O|  |TAMS 0x0000000083400000, 0x0000000083500000| Untracked 
|  31|0x0000000083500000, 0x0000000083600000, 0x0000000083600000|100%| O|  |TAMS 0x0000000083500000, 0x0000000083600000| Untracked 
|  32|0x0000000083600000, 0x0000000083700000, 0x0000000083700000|100%| O|  |TAMS 0x0000000083600000, 0x0000000083700000| Untracked 
|  33|0x0000000083700000, 0x0000000083800000, 0x0000000083800000|100%| O|  |TAMS 0x0000000083700000, 0x0000000083800000| Untracked 
|  34|0x0000000083800000, 0x0000000083900000, 0x0000000083900000|100%| O|  |TAMS 0x0000000083800000, 0x0000000083900000| Untracked 
|  35|0x0000000083900000, 0x0000000083a00000, 0x0000000083a00000|100%| O|  |TAMS 0x0000000083900000, 0x0000000083a00000| Untracked 
|  36|0x0000000083a00000, 0x0000000083b00000, 0x0000000083b00000|100%| O|  |TAMS 0x0000000083a00000, 0x0000000083b00000| Untracked 
|  37|0x0000000083b00000, 0x0000000083c00000, 0x0000000083c00000|100%| O|  |TAMS 0x0000000083b00000, 0x0000000083c00000| Untracked 
|  38|0x0000000083c00000, 0x0000000083d00000, 0x0000000083d00000|100%| O|  |TAMS 0x0000000083c00000, 0x0000000083d00000| Untracked 
|  39|0x0000000083d00000, 0x0000000083e00000, 0x0000000083e00000|100%| O|  |TAMS 0x0000000083d00000, 0x0000000083e00000| Untracked 
|  40|0x0000000083e00000, 0x0000000083f00000, 0x0000000083f00000|100%| O|  |TAMS 0x0000000083e00000, 0x0000000083f00000| Untracked 
|  41|0x0000000083f00000, 0x0000000084000000, 0x0000000084000000|100%| O|  |TAMS 0x0000000083f00000, 0x0000000084000000| Untracked 
|  42|0x0000000084000000, 0x0000000084100000, 0x0000000084100000|100%| O|  |TAMS 0x0000000084000000, 0x0000000084100000| Untracked 
|  43|0x0000000084100000, 0x0000000084200000, 0x0000000084200000|100%| O|  |TAMS 0x0000000084100000, 0x0000000084200000| Untracked 
|  44|0x0000000084200000, 0x0000000084300000, 0x0000000084300000|100%| O|  |TAMS 0x0000000084200000, 0x0000000084300000| Untracked 
|  45|0x0000000084300000, 0x0000000084400000, 0x0000000084400000|100%| O|  |TAMS 0x0000000084300000, 0x0000000084400000| Untracked 
|  46|0x0000000084400000, 0x0000000084500000, 0x0000000084500000|100%| O|  |TAMS 0x0000000084400000, 0x0000000084500000| Untracked 
|  47|0x0000000084500000, 0x0000000084600000, 0x0000000084600000|100%| O|  |TAMS 0x0000000084500000, 0x0000000084600000| Untracked 
|  48|0x0000000084600000, 0x0000000084700000, 0x0000000084700000|100%| O|  |TAMS 0x0000000084600000, 0x0000000084700000| Untracked 
|  49|0x0000000084700000, 0x0000000084800000, 0x0000000084800000|100%| O|  |TAMS 0x0000000084700000, 0x0000000084800000| Untracked 
|  50|0x0000000084800000, 0x0000000084900000, 0x0000000084900000|100%| O|  |TAMS 0x0000000084800000, 0x0000000084900000| Untracked 
|  51|0x0000000084900000, 0x0000000084a00000, 0x0000000084a00000|100%| O|  |TAMS 0x0000000084900000, 0x0000000084a00000| Untracked 
|  52|0x0000000084a00000, 0x0000000084b00000, 0x0000000084b00000|100%| O|  |TAMS 0x0000000084a00000, 0x0000000084b00000| Untracked 
|  53|0x0000000084b00000, 0x0000000084c00000, 0x0000000084c00000|100%| O|  |TAMS 0x0000000084b00000, 0x0000000084c00000| Untracked 
|  54|0x0000000084c00000, 0x0000000084d00000, 0x0000000084d00000|100%| O|  |TAMS 0x0000000084c00000, 0x0000000084d00000| Untracked 
|  55|0x0000000084d00000, 0x0000000084e00000, 0x0000000084e00000|100%| O|  |TAMS 0x0000000084d00000, 0x0000000084e00000| Untracked 
|  56|0x0000000084e00000, 0x0000000084f00000, 0x0000000084f00000|100%| O|  |TAMS 0x0000000084e00000, 0x0000000084f00000| Untracked 
|  57|0x0000000084f00000, 0x0000000085000000, 0x0000000085000000|100%| O|  |TAMS 0x0000000084f00000, 0x0000000085000000| Untracked 
|  58|0x0000000085000000, 0x0000000085100000, 0x0000000085100000|100%| O|  |TAMS 0x0000000085000000, 0x0000000085100000| Untracked 
|  59|0x0000000085100000, 0x0000000085200000, 0x0000000085200000|100%| O|  |TAMS 0x0000000085100000, 0x0000000085200000| Untracked 
|  60|0x0000000085200000, 0x0000000085300000, 0x0000000085300000|100%| O|  |TAMS 0x0000000085200000, 0x0000000085300000| Untracked 
|  61|0x0000000085300000, 0x0000000085400000, 0x0000000085400000|100%| O|  |TAMS 0x0000000085300000, 0x0000000085400000| Untracked 
|  62|0x0000000085400000, 0x0000000085500000, 0x0000000085500000|100%| O|  |TAMS 0x0000000085400000, 0x0000000085500000| Untracked 
|  63|0x0000000085500000, 0x0000000085600000, 0x0000000085600000|100%| O|  |TAMS 0x0000000085500000, 0x0000000085600000| Untracked 
|  64|0x0000000085600000, 0x0000000085700000, 0x0000000085700000|100%| O|  |TAMS 0x0000000085600000, 0x0000000085700000| Untracked 
|  65|0x0000000085700000, 0x0000000085800000, 0x0000000085800000|100%| O|  |TAMS 0x0000000085700000, 0x0000000085800000| Untracked 
|  66|0x0000000085800000, 0x0000000085900000, 0x0000000085900000|100%| O|  |TAMS 0x0000000085800000, 0x0000000085900000| Untracked 
|  67|0x0000000085900000, 0x0000000085a00000, 0x0000000085a00000|100%| O|  |TAMS 0x0000000085900000, 0x0000000085a00000| Untracked 
|  68|0x0000000085a00000, 0x0000000085b00000, 0x0000000085b00000|100%| O|  |TAMS 0x0000000085a00000, 0x0000000085b00000| Untracked 
|  69|0x0000000085b00000, 0x0000000085c00000, 0x0000000085c00000|100%| O|  |TAMS 0x0000000085b00000, 0x0000000085c00000| Untracked 
|  70|0x0000000085c00000, 0x0000000085d00000, 0x0000000085d00000|100%| O|  |TAMS 0x0000000085c00000, 0x0000000085d00000| Untracked 
|  71|0x0000000085d00000, 0x0000000085e00000, 0x0000000085e00000|100%| O|  |TAMS 0x0000000085d00000, 0x0000000085e00000| Untracked 
|  72|0x0000000085e00000, 0x0000000085f00000, 0x0000000085f00000|100%| O|  |TAMS 0x0000000085e00000, 0x0000000085f00000| Untracked 
|  73|0x0000000085f00000, 0x0000000086000000, 0x0000000086000000|100%| O|  |TAMS 0x0000000085f00000, 0x0000000086000000| Untracked 
|  74|0x0000000086000000, 0x0000000086100000, 0x0000000086100000|100%| O|  |TAMS 0x0000000086000000, 0x0000000086100000| Untracked 
|  75|0x0000000086100000, 0x0000000086200000, 0x0000000086200000|100%| O|  |TAMS 0x0000000086100000, 0x0000000086200000| Untracked 
|  76|0x0000000086200000, 0x0000000086300000, 0x0000000086300000|100%| O|  |TAMS 0x0000000086200000, 0x0000000086300000| Untracked 
|  77|0x0000000086300000, 0x0000000086400000, 0x0000000086400000|100%| O|  |TAMS 0x0000000086300000, 0x0000000086400000| Untracked 
|  78|0x0000000086400000, 0x0000000086500000, 0x0000000086500000|100%| O|  |TAMS 0x0000000086400000, 0x0000000086500000| Untracked 
|  79|0x0000000086500000, 0x0000000086600000, 0x0000000086600000|100%| O|  |TAMS 0x0000000086500000, 0x0000000086600000| Untracked 
|  80|0x0000000086600000, 0x0000000086700000, 0x0000000086700000|100%| O|  |TAMS 0x0000000086600000, 0x0000000086700000| Untracked 
|  81|0x0000000086700000, 0x0000000086800000, 0x0000000086800000|100%| O|  |TAMS 0x0000000086700000, 0x0000000086800000| Untracked 
|  82|0x0000000086800000, 0x0000000086900000, 0x0000000086900000|100%| O|  |TAMS 0x0000000086800000, 0x0000000086900000| Untracked 
|  83|0x0000000086900000, 0x0000000086a00000, 0x0000000086a00000|100%| O|  |TAMS 0x0000000086900000, 0x0000000086a00000| Untracked 
|  84|0x0000000086a00000, 0x0000000086b00000, 0x0000000086b00000|100%| O|  |TAMS 0x0000000086a00000, 0x0000000086b00000| Untracked 
|  85|0x0000000086b00000, 0x0000000086c00000, 0x0000000086c00000|100%| O|  |TAMS 0x0000000086b00000, 0x0000000086c00000| Untracked 
|  86|0x0000000086c00000, 0x0000000086d00000, 0x0000000086d00000|100%| O|  |TAMS 0x0000000086c00000, 0x0000000086d00000| Untracked 
|  87|0x0000000086d00000, 0x0000000086e00000, 0x0000000086e00000|100%| O|  |TAMS 0x0000000086d00000, 0x0000000086e00000| Untracked 
|  88|0x0000000086e00000, 0x0000000086e80000, 0x0000000086f00000| 50%| O|  |TAMS 0x0000000086e00000, 0x0000000086e80000| Untracked 
|  89|0x0000000086f00000, 0x0000000086f00000, 0x0000000087000000|  0%| F|  |TAMS 0x0000000086f00000, 0x0000000086f00000| Untracked 
|  90|0x0000000087000000, 0x0000000087000000, 0x0000000087100000|  0%| F|  |TAMS 0x0000000087000000, 0x0000000087000000| Untracked 
|  91|0x0000000087100000, 0x0000000087100000, 0x0000000087200000|  0%| F|  |TAMS 0x0000000087100000, 0x0000000087100000| Untracked 
|  92|0x0000000087200000, 0x0000000087200000, 0x0000000087300000|  0%| F|  |TAMS 0x0000000087200000, 0x0000000087200000| Untracked 
|  93|0x0000000087300000, 0x0000000087300000, 0x0000000087400000|  0%| F|  |TAMS 0x0000000087300000, 0x0000000087300000| Untracked 
|  94|0x0000000087400000, 0x0000000087400000, 0x0000000087500000|  0%| F|  |TAMS 0x0000000087400000, 0x0000000087400000| Untracked 
|  95|0x0000000087500000, 0x0000000087500000, 0x0000000087600000|  0%| F|  |TAMS 0x0000000087500000, 0x0000000087500000| Untracked 
|  96|0x0000000087600000, 0x0000000087600000, 0x0000000087700000|  0%| F|  |TAMS 0x0000000087600000, 0x0000000087600000| Untracked 
|  97|0x0000000087700000, 0x0000000087700000, 0x0000000087800000|  0%| F|  |TAMS 0x0000000087700000, 0x0000000087700000| Untracked 
|  98|0x0000000087800000, 0x0000000087800000, 0x0000000087900000|  0%| F|  |TAMS 0x0000000087800000, 0x0000000087800000| Untracked 
|  99|0x0000000087900000, 0x0000000087900000, 0x0000000087a00000|  0%| F|  |TAMS 0x0000000087900000, 0x0000000087900000| Untracked 
| 100|0x0000000087a00000, 0x0000000087a00000, 0x0000000087b00000|  0%| F|  |TAMS 0x0000000087a00000, 0x0000000087a00000| Untracked 
| 101|0x0000000087b00000, 0x0000000087b00000, 0x0000000087c00000|  0%| F|  |TAMS 0x0000000087b00000, 0x0000000087b00000| Untracked 
| 102|0x0000000087c00000, 0x0000000087c00000, 0x0000000087d00000|  0%| F|  |TAMS 0x0000000087c00000, 0x0000000087c00000| Untracked 
| 103|0x0000000087d00000, 0x0000000087d00000, 0x0000000087e00000|  0%| F|  |TAMS 0x0000000087d00000, 0x0000000087d00000| Untracked 
| 104|0x0000000087e00000, 0x0000000087e00000, 0x0000000087f00000|  0%| F|  |TAMS 0x0000000087e00000, 0x0000000087e00000| Untracked 
| 105|0x0000000087f00000, 0x0000000087f00000, 0x0000000088000000|  0%| F|  |TAMS 0x0000000087f00000, 0x0000000087f00000| Untracked 
| 106|0x0000000088000000, 0x0000000088000000, 0x0000000088100000|  0%| F|  |TAMS 0x0000000088000000, 0x0000000088000000| Untracked 
| 107|0x0000000088100000, 0x0000000088100000, 0x0000000088200000|  0%| F|  |TAMS 0x0000000088100000, 0x0000000088100000| Untracked 
| 108|0x0000000088200000, 0x0000000088200000, 0x0000000088300000|  0%| F|  |TAMS 0x0000000088200000, 0x0000000088200000| Untracked 
| 109|0x0000000088300000, 0x0000000088300000, 0x0000000088400000|  0%| F|  |TAMS 0x0000000088300000, 0x0000000088300000| Untracked 
| 110|0x0000000088400000, 0x0000000088400000, 0x0000000088500000|  0%| F|  |TAMS 0x0000000088400000, 0x0000000088400000| Untracked 
| 111|0x0000000088500000, 0x0000000088500000, 0x0000000088600000|  0%| F|  |TAMS 0x0000000088500000, 0x0000000088500000| Untracked 
| 112|0x0000000088600000, 0x0000000088600000, 0x0000000088700000|  0%| F|  |TAMS 0x0000000088600000, 0x0000000088600000| Untracked 
| 113|0x0000000088700000, 0x0000000088700000, 0x0000000088800000|  0%| F|  |TAMS 0x0000000088700000, 0x0000000088700000| Untracked 
| 114|0x0000000088800000, 0x0000000088800000, 0x0000000088900000|  0%| F|  |TAMS 0x0000000088800000, 0x0000000088800000| Untracked 
| 115|0x0000000088900000, 0x0000000088900000, 0x0000000088a00000|  0%| F|  |TAMS 0x0000000088900000, 0x0000000088900000| Untracked 
| 116|0x0000000088a00000, 0x0000000088a00000, 0x0000000088b00000|  0%| F|  |TAMS 0x0000000088a00000, 0x0000000088a00000| Untracked 
| 117|0x0000000088b00000, 0x0000000088b00000, 0x0000000088c00000|  0%| F|  |TAMS 0x0000000088b00000, 0x0000000088b00000| Untracked 
| 118|0x0000000088c00000, 0x0000000088c00000, 0x0000000088d00000|  0%| F|  |TAMS 0x0000000088c00000, 0x0000000088c00000| Untracked 
| 119|0x0000000088d00000, 0x0000000088d00000, 0x0000000088e00000|  0%| F|  |TAMS 0x0000000088d00000, 0x0000000088d00000| Untracked 
| 120|0x0000000088e00000, 0x0000000088e00000, 0x0000000088f00000|  0%| F|  |TAMS 0x0000000088e00000, 0x0000000088e00000| Untracked 
| 121|0x0000000088f00000, 0x0000000088f00000, 0x0000000089000000|  0%| F|  |TAMS 0x0000000088f00000, 0x0000000088f00000| Untracked 
| 122|0x0000000089000000, 0x0000000089000000, 0x0000000089100000|  0%| F|  |TAMS 0x0000000089000000, 0x0000000089000000| Untracked 
| 123|0x0000000089100000, 0x0000000089100000, 0x0000000089200000|  0%| F|  |TAMS 0x0000000089100000, 0x0000000089100000| Untracked 
| 124|0x0000000089200000, 0x0000000089200000, 0x0000000089300000|  0%| F|  |TAMS 0x0000000089200000, 0x0000000089200000| Untracked 
| 125|0x0000000089300000, 0x0000000089300000, 0x0000000089400000|  0%| F|  |TAMS 0x0000000089300000, 0x0000000089300000| Untracked 
| 126|0x0000000089400000, 0x0000000089500000, 0x0000000089500000|100%| S|CS|TAMS 0x0000000089400000, 0x0000000089400000| Complete 
| 127|0x0000000089500000, 0x0000000089600000, 0x0000000089600000|100%| S|CS|TAMS 0x0000000089500000, 0x0000000089500000| Complete 
| 128|0x0000000089600000, 0x0000000089700000, 0x0000000089700000|100%| S|CS|TAMS 0x0000000089600000, 0x0000000089600000| Complete 
| 129|0x0000000089700000, 0x0000000089800000, 0x0000000089800000|100%| S|CS|TAMS 0x0000000089700000, 0x0000000089700000| Complete 
| 130|0x0000000089800000, 0x0000000089800000, 0x0000000089900000|  0%| F|  |TAMS 0x0000000089800000, 0x0000000089800000| Untracked 
| 131|0x0000000089900000, 0x0000000089900000, 0x0000000089a00000|  0%| F|  |TAMS 0x0000000089900000, 0x0000000089900000| Untracked 
| 132|0x0000000089a00000, 0x0000000089a00000, 0x0000000089b00000|  0%| F|  |TAMS 0x0000000089a00000, 0x0000000089a00000| Untracked 
| 133|0x0000000089b00000, 0x0000000089b00000, 0x0000000089c00000|  0%| F|  |TAMS 0x0000000089b00000, 0x0000000089b00000| Untracked 
| 134|0x0000000089c00000, 0x0000000089c00000, 0x0000000089d00000|  0%| F|  |TAMS 0x0000000089c00000, 0x0000000089c00000| Untracked 
| 135|0x0000000089d00000, 0x0000000089d00000, 0x0000000089e00000|  0%| F|  |TAMS 0x0000000089d00000, 0x0000000089d00000| Untracked 
| 136|0x0000000089e00000, 0x0000000089e00000, 0x0000000089f00000|  0%| F|  |TAMS 0x0000000089e00000, 0x0000000089e00000| Untracked 
| 137|0x0000000089f00000, 0x0000000089f00000, 0x000000008a000000|  0%| F|  |TAMS 0x0000000089f00000, 0x0000000089f00000| Untracked 
| 138|0x000000008a000000, 0x000000008a000000, 0x000000008a100000|  0%| F|  |TAMS 0x000000008a000000, 0x000000008a000000| Untracked 
| 139|0x000000008a100000, 0x000000008a100000, 0x000000008a200000|  0%| F|  |TAMS 0x000000008a100000, 0x000000008a100000| Untracked 
| 140|0x000000008a200000, 0x000000008a200000, 0x000000008a300000|  0%| F|  |TAMS 0x000000008a200000, 0x000000008a200000| Untracked 
| 141|0x000000008a300000, 0x000000008a300000, 0x000000008a400000|  0%| F|  |TAMS 0x000000008a300000, 0x000000008a300000| Untracked 
| 142|0x000000008a400000, 0x000000008a400000, 0x000000008a500000|  0%| F|  |TAMS 0x000000008a400000, 0x000000008a400000| Untracked 
| 143|0x000000008a500000, 0x000000008a500000, 0x000000008a600000|  0%| F|  |TAMS 0x000000008a500000, 0x000000008a500000| Untracked 
| 144|0x000000008a600000, 0x000000008a600000, 0x000000008a700000|  0%| F|  |TAMS 0x000000008a600000, 0x000000008a600000| Untracked 
| 145|0x000000008a700000, 0x000000008a700000, 0x000000008a800000|  0%| F|  |TAMS 0x000000008a700000, 0x000000008a700000| Untracked 
| 146|0x000000008a800000, 0x000000008a800000, 0x000000008a900000|  0%| F|  |TAMS 0x000000008a800000, 0x000000008a800000| Untracked 
| 147|0x000000008a900000, 0x000000008a900000, 0x000000008aa00000|  0%| F|  |TAMS 0x000000008a900000, 0x000000008a900000| Untracked 
| 148|0x000000008aa00000, 0x000000008aa00000, 0x000000008ab00000|  0%| F|  |TAMS 0x000000008aa00000, 0x000000008aa00000| Untracked 
| 149|0x000000008ab00000, 0x000000008ab00000, 0x000000008ac00000|  0%| F|  |TAMS 0x000000008ab00000, 0x000000008ab00000| Untracked 
| 150|0x000000008ac00000, 0x000000008ac00000, 0x000000008ad00000|  0%| F|  |TAMS 0x000000008ac00000, 0x000000008ac00000| Untracked 
| 151|0x000000008ad00000, 0x000000008ad00000, 0x000000008ae00000|  0%| F|  |TAMS 0x000000008ad00000, 0x000000008ad00000| Untracked 
| 152|0x000000008ae00000, 0x000000008ae00000, 0x000000008af00000|  0%| F|  |TAMS 0x000000008ae00000, 0x000000008ae00000| Untracked 
| 153|0x000000008af00000, 0x000000008af00000, 0x000000008b000000|  0%| F|  |TAMS 0x000000008af00000, 0x000000008af00000| Untracked 

Card table byte_map: [0x0000023f49430000,0x0000023f49830000] _byte_map_base: 0x0000023f49025000

Marking Bits (Prev, Next): (CMBitMap*) 0x0000023f312f6568, (CMBitMap*) 0x0000023f312f65a0
 Prev Bits: [0x0000023f49c30000, 0x0000023f4bbd8000)
 Next Bits: [0x0000023f4bbe0000, 0x0000023f4db88000)

Polling page: 0x0000023f399e0000

Metaspace:

Usage:
  Non-class:     10.94 MB capacity,    10.76 MB ( 98%) used,   148.13 KB (  1%) free+waste,    33.06 KB ( <1%) overhead. 
      Class:      1.42 MB capacity,     1.25 MB ( 88%) used,   151.04 KB ( 10%) free+waste,    18.13 KB (  1%) overhead. 
       Both:     12.36 MB capacity,    12.02 MB ( 97%) used,   299.17 KB (  2%) free+waste,    51.19 KB ( <1%) overhead. 

Virtual space:
  Non-class space:       12.00 MB reserved,      11.00 MB ( 92%) committed 
      Class space:        1.00 GB reserved,       1.50 MB ( <1%) committed 
             Both:        1.01 GB reserved,      12.50 MB (  1%) committed 

Chunk freelists:
   Non-Class:  61.00 KB
       Class:  19.00 KB
        Both:  80.00 KB

MaxMetaspaceSize: 17179869184.00 GB
CompressedClassSpaceSize: 1.00 GB
Initial GC threshold: 20.80 MB
Current GC threshold: 20.80 MB
CDS: off

CodeHeap 'non-profiled nmethods': size=120064Kb used=767Kb max_used=767Kb free=119296Kb
 bounds [0x0000023f414c0000, 0x0000023f41730000, 0x0000023f48a00000]
CodeHeap 'profiled nmethods': size=120000Kb used=2102Kb max_used=2102Kb free=117897Kb
 bounds [0x0000023f39f90000, 0x0000023f3a200000, 0x0000023f414c0000]
CodeHeap 'non-nmethods': size=5696Kb used=1204Kb max_used=1232Kb free=4491Kb
 bounds [0x0000023f39a00000, 0x0000023f39c70000, 0x0000023f39f90000]
 total_blobs=1654 nmethods=1183 adapters=384
 compilation: enabled
              stopped_count=0, restarted_count=0
 full_count=0

Compilation events (20 events):
Event: 11.296 Thread 0x0000023f501f6800 1175       4       java.awt.Component::firePropertyChange (26 bytes)
Event: 11.297 Thread 0x0000023f501f6800 nmethod 1175 0x0000023f41576c90 code [0x0000023f41576e20, 0x0000023f41576eb8]
Event: 12.185 Thread 0x0000023f501f6800 1176       4       java.lang.AbstractStringBuilder::append (45 bytes)
Event: 12.199 Thread 0x0000023f501f6800 nmethod 1176 0x0000023f41576f90 code [0x0000023f41577140, 0x0000023f415776d8]
Event: 12.559 Thread 0x0000023f501f6800 1177       4       minesweeper.PanelPlayer::<init> (117 bytes)
Event: 12.729 Thread 0x0000023f501f6800 nmethod 1177 0x0000023f41577a10 code [0x0000023f41577d80, 0x0000023f4157a088]
Event: 15.355 Thread 0x0000023f501f6800 1178       4       javax.swing.plaf.basic.BasicPanelUI::installUI (16 bytes)
Event: 15.381 Thread 0x0000023f501f6800 nmethod 1178 0x0000023f4157b590 code [0x0000023f4157b820, 0x0000023f4157c230]
Event: 15.392 Thread 0x0000023f501f6800 1179   !   4       jdk.internal.reflect.GeneratedMethodAccessor2::invoke (49 bytes)
Event: 15.394 Thread 0x0000023f501f6800 nmethod 1179 0x0000023f4157cc10 code [0x0000023f4157cdc0, 0x0000023f4157ceb8]
Event: 15.526 Thread 0x0000023f501f6800 1180       4       java.security.AccessControlContext::calculateFields (89 bytes)
Event: 15.528 Thread 0x0000023f501f6800 nmethod 1180 0x0000023f4157d010 code [0x0000023f4157d1a0, 0x0000023f4157d258]
Event: 15.546 Thread 0x0000023f501f6800 1181       4       java.security.AccessControlContext::optimize (318 bytes)
Event: 15.553 Thread 0x0000023f501f6800 nmethod 1181 0x0000023f4157d390 code [0x0000023f4157d540, 0x0000023f4157d798]
Event: 15.769 Thread 0x0000023f501f6800 1182       4       java.awt.FlowLayout::<init> (25 bytes)
Event: 15.770 Thread 0x0000023f501f6800 nmethod 1182 0x0000023f4157db10 code [0x0000023f4157dca0, 0x0000023f4157dd38]
Event: 19.219 Thread 0x0000023f501f6800 1183   !   4       java.awt.BorderLayout::addLayoutComponent (194 bytes)
Event: 19.237 Thread 0x0000023f501f6800 nmethod 1183 0x0000023f4157de10 code [0x0000023f4157dfe0, 0x0000023f4157eb38]
Event: 20.695 Thread 0x0000023f501f6800 1184       4       javax.swing.JPanel::<init> (28 bytes)
Event: 20.721 Thread 0x0000023f501f6800 nmethod 1184 0x0000023f4157ec90 code [0x0000023f4157eea0, 0x0000023f4157f920]

GC Heap History (17 events):
Event: 2.821 GC heap before
{Heap before GC invocations=0 (full 0):
 garbage-first heap   total 131072K, used 14336K [0x0000000081600000, 0x0000000100000000)
  region size 1024K, 14 young (14336K), 0 survivors (0K)
 Metaspace       used 12235K, capacity 12591K, committed 12800K, reserved 1060864K
  class space    used 1281K, capacity 1453K, committed 1536K, reserved 1048576K
}
Event: 2.852 GC heap after
{Heap after GC invocations=1 (full 0):
 garbage-first heap   total 131072K, used 5427K [0x0000000081600000, 0x0000000100000000)
  region size 1024K, 2 young (2048K), 2 survivors (2048K)
 Metaspace       used 12235K, capacity 12591K, committed 12800K, reserved 1060864K
  class space    used 1281K, capacity 1453K, committed 1536K, reserved 1048576K
}
Event: 3.086 GC heap before
{Heap before GC invocations=1 (full 0):
 garbage-first heap   total 131072K, used 9523K [0x0000000081600000, 0x0000000100000000)
  region size 1024K, 6 young (6144K), 2 survivors (2048K)
 Metaspace       used 12266K, capacity 12591K, committed 12800K, reserved 1060864K
  class space    used 1283K, capacity 1453K, committed 1536K, reserved 1048576K
}
Event: 3.101 GC heap after
{Heap after GC invocations=2 (full 0):
 garbage-first heap   total 131072K, used 7775K [0x0000000081600000, 0x0000000100000000)
  region size 1024K, 1 young (1024K), 1 survivors (1024K)
 Metaspace       used 12266K, capacity 12591K, committed 12800K, reserved 1060864K
  class space    used 1283K, capacity 1453K, committed 1536K, reserved 1048576K
}
Event: 3.693 GC heap before
{Heap before GC invocations=2 (full 0):
 garbage-first heap   total 131072K, used 14943K [0x0000000081600000, 0x0000000100000000)
  region size 1024K, 8 young (8192K), 1 survivors (1024K)
 Metaspace       used 12274K, capacity 12591K, committed 12800K, reserved 1060864K
  class space    used 1283K, capacity 1453K, committed 1536K, reserved 1048576K
}
Event: 3.705 GC heap after
{Heap after GC invocations=3 (full 0):
 garbage-first heap   total 131072K, used 11847K [0x0000000081600000, 0x0000000100000000)
  region size 1024K, 1 young (1024K), 1 survivors (1024K)
 Metaspace       used 12274K, capacity 12591K, committed 12800K, reserved 1060864K
  class space    used 1283K, capacity 1453K, committed 1536K, reserved 1048576K
}
Event: 4.504 GC heap before
{Heap before GC invocations=3 (full 0):
 garbage-first heap   total 131072K, used 27207K [0x0000000081600000, 0x0000000100000000)
  region size 1024K, 16 young (16384K), 1 survivors (1024K)
 Metaspace       used 12286K, capacity 12656K, committed 12800K, reserved 1060864K
  class space    used 1283K, capacity 1453K, committed 1536K, reserved 1048576K
}
Event: 4.526 GC heap after
{Heap after GC invocations=4 (full 0):
 garbage-first heap   total 131072K, used 20147K [0x0000000081600000, 0x0000000100000000)
  region size 1024K, 2 young (2048K), 2 survivors (2048K)
 Metaspace       used 12286K, capacity 12656K, committed 12800K, reserved 1060864K
  class space    used 1283K, capacity 1453K, committed 1536K, reserved 1048576K
}
Event: 6.220 GC heap before
{Heap before GC invocations=4 (full 0):
 garbage-first heap   total 131072K, used 42675K [0x0000000081600000, 0x0000000100000000)
  region size 1024K, 24 young (24576K), 2 survivors (2048K)
 Metaspace       used 12299K, capacity 12656K, committed 12800K, reserved 1060864K
  class space    used 1283K, capacity 1453K, committed 1536K, reserved 1048576K
}
Event: 6.257 GC heap after
{Heap after GC invocations=5 (full 0):
 garbage-first heap   total 157696K, used 32143K [0x0000000081600000, 0x0000000100000000)
  region size 1024K, 3 young (3072K), 3 survivors (3072K)
 Metaspace       used 12299K, capacity 12656K, committed 12800K, reserved 1060864K
  class space    used 1283K, capacity 1453K, committed 1536K, reserved 1048576K
}
Event: 9.094 GC heap before
{Heap before GC invocations=5 (full 0):
 garbage-first heap   total 157696K, used 60815K [0x0000000081600000, 0x0000000100000000)
  region size 1024K, 31 young (31744K), 3 survivors (3072K)
 Metaspace       used 12305K, capacity 12656K, committed 12800K, reserved 1060864K
  class space    used 1283K, capacity 1453K, committed 1536K, reserved 1048576K
}
Event: 9.137 GC heap after
{Heap after GC invocations=6 (full 0):
 garbage-first heap   total 157696K, used 47616K [0x0000000081600000, 0x0000000100000000)
  region size 1024K, 4 young (4096K), 4 survivors (4096K)
 Metaspace       used 12305K, capacity 12656K, committed 12800K, reserved 1060864K
  class space    used 1283K, capacity 1453K, committed 1536K, reserved 1048576K
}
Event: 12.844 GC heap before
{Heap before GC invocations=6 (full 0):
 garbage-first heap   total 157696K, used 80384K [0x0000000081600000, 0x0000000100000000)
  region size 1024K, 36 young (36864K), 4 survivors (4096K)
 Metaspace       used 12305K, capacity 12656K, committed 12800K, reserved 1060864K
  class space    used 1283K, capacity 1453K, committed 1536K, reserved 1048576K
}
Event: 12.894 GC heap after
{Heap after GC invocations=7 (full 0):
 garbage-first heap   total 157696K, used 65024K [0x0000000081600000, 0x0000000100000000)
  region size 1024K, 5 young (5120K), 5 survivors (5120K)
 Metaspace       used 12305K, capacity 12656K, committed 12800K, reserved 1060864K
  class space    used 1283K, capacity 1453K, committed 1536K, reserved 1048576K
}
Event: 17.287 GC heap before
{Heap before GC invocations=7 (full 0):
 garbage-first heap   total 157696K, used 93696K [0x0000000081600000, 0x0000000100000000)
  region size 1024K, 33 young (33792K), 5 survivors (5120K)
 Metaspace       used 12305K, capacity 12656K, committed 12800K, reserved 1060864K
  class space    used 1283K, capacity 1453K, committed 1536K, reserved 1048576K
}
Event: 17.337 GC heap after
{Heap after GC invocations=8 (full 0):
 garbage-first heap   total 157696K, used 80896K [0x0000000081600000, 0x0000000100000000)
  region size 1024K, 5 young (5120K), 5 survivors (5120K)
 Metaspace       used 12305K, capacity 12656K, committed 12800K, reserved 1060864K
  class space    used 1283K, capacity 1453K, committed 1536K, reserved 1048576K
}
Event: 21.585 GC heap before
{Heap before GC invocations=8 (full 0):
 garbage-first heap   total 157696K, used 105472K [0x0000000081600000, 0x0000000100000000)
  region size 1024K, 29 young (29696K), 5 survivors (5120K)
 Metaspace       used 12305K, capacity 12656K, committed 12800K, reserved 1060864K
  class space    used 1283K, capacity 1453K, committed 1536K, reserved 1048576K
}

Deoptimization events (20 events):
Event: 4.222 Thread 0x0000023f312b6800 Uncommon trap: trap_request=0xffffffbe fr.pc=0x0000023f4156daa8 relative=0x0000000000000368
Event: 4.222 Thread 0x0000023f312b6800 Uncommon trap: reason=profile_predicate action=maybe_recompile pc=0x0000023f4156daa8 method=minesweeper.World.dienSo()V @ 111 c2
Event: 4.222 Thread 0x0000023f312b6800 DEOPT PACKING pc=0x0000023f4156daa8 sp=0x000000dbf1af9520
Event: 4.222 Thread 0x0000023f312b6800 DEOPT UNPACKING pc=0x0000023f39a4a1af sp=0x000000dbf1af94a0 mode 2
Event: 4.227 Thread 0x0000023f312b6800 Uncommon trap: trap_request=0xffffffbe fr.pc=0x0000023f4156daa8 relative=0x0000000000000368
Event: 4.227 Thread 0x0000023f312b6800 Uncommon trap: reason=profile_predicate action=maybe_recompile pc=0x0000023f4156daa8 method=minesweeper.World.dienSo()V @ 111 c2
Event: 4.227 Thread 0x0000023f312b6800 DEOPT PACKING pc=0x0000023f4156daa8 sp=0x000000dbf1af9490
Event: 4.227 Thread 0x0000023f312b6800 DEOPT UNPACKING pc=0x0000023f39a4a1af sp=0x000000dbf1af9410 mode 2
Event: 4.250 Thread 0x0000023f312b6800 Uncommon trap: trap_request=0xffffffbe fr.pc=0x0000023f4156e2bc relative=0x00000000000002fc
Event: 4.250 Thread 0x0000023f312b6800 Uncommon trap: reason=profile_predicate action=maybe_recompile pc=0x0000023f4156e2bc method=minesweeper.World.dienSo()V @ 100 c2
Event: 4.250 Thread 0x0000023f312b6800 DEOPT PACKING pc=0x0000023f4156e2bc sp=0x000000dbf1af9250
Event: 4.250 Thread 0x0000023f312b6800 DEOPT UNPACKING pc=0x0000023f39a4a1af sp=0x000000dbf1af91d0 mode 2
Event: 4.254 Thread 0x0000023f312b6800 Uncommon trap: trap_request=0xffffffbe fr.pc=0x0000023f4156e2bc relative=0x00000000000002fc
Event: 4.254 Thread 0x0000023f312b6800 Uncommon trap: reason=profile_predicate action=maybe_recompile pc=0x0000023f4156e2bc method=minesweeper.World.dienSo()V @ 100 c2
Event: 4.254 Thread 0x0000023f312b6800 DEOPT PACKING pc=0x0000023f4156e2bc sp=0x000000dbf1af91c0
Event: 4.254 Thread 0x0000023f312b6800 DEOPT UNPACKING pc=0x0000023f39a4a1af sp=0x000000dbf1af9140 mode 2
Event: 4.577 Thread 0x0000023f312b6800 DEOPT PACKING pc=0x0000023f3a177ad4 sp=0x000000dbf1af7060
Event: 4.577 Thread 0x0000023f312b6800 DEOPT UNPACKING pc=0x0000023f39a4a95e sp=0x000000dbf1af64f0 mode 0
Event: 12.562 Thread 0x0000023f312b6800 DEOPT PACKING pc=0x0000023f3a176995 sp=0x000000dbf1ac0da0
Event: 12.562 Thread 0x0000023f312b6800 DEOPT UNPACKING pc=0x0000023f39a4a95e sp=0x000000dbf1ac02d8 mode 0

Classes redefined (0 events):
No events

Internal exceptions (17 events):
Event: 0.619 Thread 0x0000023f312b6800 Exception <a 'java/lang/ClassNotFoundException'{0x0000000089444f00}: sun/awt/resources/spi/awtProvider> (0x0000000089444f00) thrown at [./src/hotspot/share/classfile/systemDictionary.cpp, line 231]
Event: 0.826 Thread 0x0000023f312b6800 Exception <a 'java/io/FileNotFoundException'{0x00000000894df200}> (0x00000000894df200) thrown at [./src/hotspot/share/prims/jni.cpp, line 615]
Event: 0.859 Thread 0x0000023f312b6800 Exception <a 'java/lang/NoSuchMethodError'{0x000000008933a398}: 'java.lang.Object java.lang.invoke.DirectMethodHandle$Holder.invokeStatic(java.lang.Object, java.lang.Object, java.lang.Object, java.lang.Object, java.lang.Object, java.lang.Object, java.lang.Object, java.lang.Object, java.lang.Object, java.lang.Object, java.lang.Object, java.lang.Object, java.lang.Object, java.lang.Object, java.lang.Object)'> (0x000000008933a398) thrown at [./src/hotspot/share/interpreter/linkResolver.cpp, line 773]
Event: 0.911 Thread 0x0000023f312b6800 Exception <a 'java/lang/NoSuchMethodError'{0x0000000089348860}: 'java.lang.Object java.lang.invoke.DirectMethodHandle$Holder.invokeStatic(java.lang.Object, java.lang.Object, java.lang.Object, java.lang.Object, java.lang.Object, java.lang.Object, java.lang.Object, java.lang.Object, java.lang.Object, java.lang.Object, java.lang.Object, java.lang.Object, java.lang.Object, java.lang.Object, java.lang.Object, java.lang.Object)'> (0x0000000089348860) thrown at [./src/hotspot/share/interpreter/linkResolver.cpp, l
Event: 0.915 Thread 0x0000023f312b6800 Exception <a 'java/lang/NoSuchMethodError'{0x00000000893564d0}: 'java.lang.Object java.lang.invoke.DirectMethodHandle$Holder.invokeSpecial(java.lang.Object, java.lang.Object, int, int, java.lang.Object, java.lang.Object, java.lang.Object)'> (0x00000000893564d0) thrown at [./src/hotspot/share/interpreter/linkResolver.cpp, line 773]
Event: 0.916 Thread 0x0000023f312b6800 Exception <a 'java/lang/NoSuchMethodError'{0x0000000089359a60}: 'java.lang.Object java.lang.invoke.DelegatingMethodHandle$Holder.reinvoke_L(java.lang.Object, int, int, java.lang.Object, java.lang.Object, java.lang.Object)'> (0x0000000089359a60) thrown at [./src/hotspot/share/interpreter/linkResolver.cpp, line 773]
Event: 0.918 Thread 0x0000023f312b6800 Exception <a 'java/lang/NoSuchMethodError'{0x000000008935db40}: 'java.lang.Object java.lang.invoke.DirectMethodHandle$Holder.invokeStatic(java.lang.Object, java.lang.Object, java.lang.Object, java.lang.Object, int)'> (0x000000008935db40) thrown at [./src/hotspot/share/interpreter/linkResolver.cpp, line 773]
Event: 0.971 Thread 0x0000023f312b6800 Exception <a 'java/io/FileNotFoundException'{0x00000000893c0760}> (0x00000000893c0760) thrown at [./src/hotspot/share/prims/jni.cpp, line 615]
Event: 1.202 Thread 0x0000023f51073800 Exception <a 'java/lang/NoSuchMethodError'{0x0000000089295330}: 'void java.lang.invoke.DirectMethodHandle$Holder.invokeSpecial(java.lang.Object, java.lang.Object)'> (0x0000000089295330) thrown at [./src/hotspot/share/interpreter/linkResolver.cpp, line 773]
Event: 1.214 Thread 0x0000023f312b6800 Exception <a 'java/lang/NoSuchMethodError'{0x00000000892739e8}: 'java.lang.Object java.lang.invoke.DirectMethodHandle$Holder.invokeStatic(java.lang.Object, java.lang.Object, java.lang.Object, java.lang.Object, java.lang.Object, java.lang.Object, java.lang.Object, java.lang.Object, int)'> (0x00000000892739e8) thrown at [./src/hotspot/share/interpreter/linkResolver.cpp, line 773]
Event: 1.218 Thread 0x0000023f312b6800 Exception <a 'java/lang/NoSuchMethodError'{0x000000008928d948}: 'java.lang.Object java.lang.invoke.DirectMethodHandle$Holder.invokeStatic(java.lang.Object, java.lang.Object, java.lang.Object, java.lang.Object, java.lang.Object, java.lang.Object, java.lang.Object, java.lang.Object, int, int)'> (0x000000008928d948) thrown at [./src/hotspot/share/interpreter/linkResolver.cpp, line 773]
Event: 1.419 Thread 0x0000023f312b6800 Exception <a 'java/lang/NoSuchMethodError'{0x00000000891ec750}: 'java.lang.Object java.lang.invoke.DirectMethodHandle$Holder.invokeStatic(java.lang.Object, int, java.lang.Object, java.lang.Object, java.lang.Object, java.lang.Object)'> (0x00000000891ec750) thrown at [./src/hotspot/share/interpreter/linkResolver.cpp, line 773]
Event: 1.420 Thread 0x0000023f312b6800 Exception <a 'java/lang/NoSuchMethodError'{0x00000000891f3810}: 'java.lang.Object java.lang.invoke.DirectMethodHandle$Holder.invokeStatic(java.lang.Object, int, java.lang.Object, java.lang.Object, java.lang.Object)'> (0x00000000891f3810) thrown at [./src/hotspot/share/interpreter/linkResolver.cpp, line 773]
Event: 1.421 Thread 0x0000023f312b6800 Exception <a 'java/lang/NoSuchMethodError'{0x00000000891f7358}: 'java.lang.Object java.lang.invoke.DirectMethodHandle$Holder.invokeSpecial(java.lang.Object, java.lang.Object, int, java.lang.Object, java.lang.Object, java.lang.Object)'> (0x00000000891f7358) thrown at [./src/hotspot/share/interpreter/linkResolver.cpp, line 773]
Event: 1.431 Thread 0x0000023f312b6800 Exception <a 'java/lang/NoSuchMethodError'{0x000000008900f3e0}: 'java.lang.Object java.lang.invoke.DirectMethodHandle$Holder.invokeStatic(java.lang.Object, int, java.lang.Object)'> (0x000000008900f3e0) thrown at [./src/hotspot/share/interpreter/linkResolver.cpp, line 773]
Event: 1.588 Thread 0x0000023f312b6800 Exception <a 'java/lang/ClassNotFoundException'{0x00000000890b9cc8}: com/sun/swing/internal/plaf/metal/resources/spi/metalProvider> (0x00000000890b9cc8) thrown at [./src/hotspot/share/classfile/systemDictionary.cpp, line 231]
Event: 1.597 Thread 0x0000023f312b6800 Exception <a 'java/lang/ClassNotFoundException'{0x00000000890be2d8}: com/sun/swing/internal/plaf/basic/resources/spi/basicProvider> (0x00000000890be2d8) thrown at [./src/hotspot/share/classfile/systemDictionary.cpp, line 231]

Events (20 events):
Event: 2.873 loading class java/awt/TrayIcon
Event: 2.873 loading class java/awt/TrayIcon done
Event: 2.874 Thread 0x0000023f51046000 Thread exited: 0x0000023f51046000
Event: 3.086 Executing VM operation: G1CollectForAllocation
Event: 3.101 Executing VM operation: G1CollectForAllocation done
Event: 3.693 Executing VM operation: G1CollectForAllocation
Event: 3.705 Executing VM operation: G1CollectForAllocation done
Event: 4.504 Executing VM operation: G1CollectForAllocation
Event: 4.526 Executing VM operation: G1CollectForAllocation done
Event: 4.619 Loaded shared library C:\Users\DELL\AppData\Local\Programs\Eclipse Foundation\jdk-11.0.12.7-hotspot\bin\java.dll
Event: 5.105 Thread 0x0000023f510b6800 Thread exited: 0x0000023f510b6800
Event: 6.220 Executing VM operation: G1CollectForAllocation
Event: 6.257 Executing VM operation: G1CollectForAllocation done
Event: 9.094 Executing VM operation: G1CollectForAllocation
Event: 9.137 Executing VM operation: G1CollectForAllocation done
Event: 12.844 Executing VM operation: G1CollectForAllocation
Event: 12.895 Executing VM operation: G1CollectForAllocation done
Event: 17.287 Executing VM operation: G1CollectForAllocation
Event: 17.337 Executing VM operation: G1CollectForAllocation done
Event: 21.585 Executing VM operation: G1CollectForAllocation


Dynamic libraries:
0x00007ff71b3d0000 - 0x00007ff71b3dd000 	C:\Users\DELL\AppData\Local\Programs\Eclipse Foundation\jdk-11.0.12.7-hotspot\bin\javaw.exe
0x00007ffe55e30000 - 0x00007ffe56028000 	C:\WINDOWS\SYSTEM32\ntdll.dll
0x00007ffe54120000 - 0x00007ffe541df000 	C:\WINDOWS\System32\KERNEL32.DLL
0x00007ffe536d0000 - 0x00007ffe539aa000 	C:\WINDOWS\System32\KERNELBASE.dll
0x00007ffe53af0000 - 0x00007ffe53bf0000 	C:\WINDOWS\System32\ucrtbase.dll
0x00007ffe39e90000 - 0x00007ffe39ea7000 	C:\Users\DELL\AppData\Local\Programs\Eclipse Foundation\jdk-11.0.12.7-hotspot\bin\jli.dll
0x00007ffe55c50000 - 0x00007ffe55ded000 	C:\WINDOWS\System32\USER32.dll
0x00007ffe539b0000 - 0x00007ffe539d2000 	C:\WINDOWS\System32\win32u.dll
0x00007ffe54040000 - 0x00007ffe5406b000 	C:\WINDOWS\System32\GDI32.dll
0x00007ffe539e0000 - 0x00007ffe53af0000 	C:\WINDOWS\System32\gdi32full.dll
0x00007ffe53d50000 - 0x00007ffe53ded000 	C:\WINDOWS\System32\msvcp_win.dll
0x00007ffe39c30000 - 0x00007ffe39c45000 	C:\Users\DELL\AppData\Local\Programs\Eclipse Foundation\jdk-11.0.12.7-hotspot\bin\VCRUNTIME140.dll
0x00007ffe42380000 - 0x00007ffe4261a000 	C:\WINDOWS\WinSxS\amd64_microsoft.windows.common-controls_6595b64144ccf1df_6.0.19041.1110_none_60b5254171f9507e\COMCTL32.dll
0x00007ffe54290000 - 0x00007ffe5432e000 	C:\WINDOWS\System32\msvcrt.dll
0x00007ffe54d90000 - 0x00007ffe54dc0000 	C:\WINDOWS\System32\IMM32.DLL
0x00007ffdfbae0000 - 0x00007ffdfbb7b000 	C:\Users\DELL\AppData\Local\Programs\Eclipse Foundation\jdk-11.0.12.7-hotspot\bin\msvcp140.dll
0x00007ffdf3f10000 - 0x00007ffdf4a69000 	C:\Users\DELL\AppData\Local\Programs\Eclipse Foundation\jdk-11.0.12.7-hotspot\bin\server\jvm.dll
0x00007ffe555e0000 - 0x00007ffe5568e000 	C:\WINDOWS\System32\ADVAPI32.dll
0x00007ffe54ef0000 - 0x00007ffe54f8c000 	C:\WINDOWS\System32\sechost.dll
0x00007ffe550f0000 - 0x00007ffe55216000 	C:\WINDOWS\System32\RPCRT4.dll
0x00007ffe54630000 - 0x00007ffe54638000 	C:\WINDOWS\System32\PSAPI.DLL
0x00007ffe3fda0000 - 0x00007ffe3fda9000 	C:\WINDOWS\SYSTEM32\WSOCK32.dll
0x00007ffe54f90000 - 0x00007ffe54ffb000 	C:\WINDOWS\System32\WS2_32.dll
0x00007ffe45c90000 - 0x00007ffe45cb7000 	C:\WINDOWS\SYSTEM32\WINMM.dll
0x00007ffe47a90000 - 0x00007ffe47a9a000 	C:\WINDOWS\SYSTEM32\VERSION.dll
0x00007ffe51d90000 - 0x00007ffe51da2000 	C:\WINDOWS\SYSTEM32\kernel.appcore.dll
0x00007ffe4c510000 - 0x00007ffe4c520000 	C:\Users\DELL\AppData\Local\Programs\Eclipse Foundation\jdk-11.0.12.7-hotspot\bin\verify.dll
0x00007ffe3f740000 - 0x00007ffe3f924000 	C:\WINDOWS\SYSTEM32\DBGHELP.DLL
0x00007ffe3f700000 - 0x00007ffe3f734000 	C:\WINDOWS\SYSTEM32\dbgcore.DLL
0x00007ffe53540000 - 0x00007ffe535c2000 	C:\WINDOWS\System32\bcryptPrimitives.dll
0x00007ffe39f40000 - 0x00007ffe39f68000 	C:\Users\DELL\AppData\Local\Programs\Eclipse Foundation\jdk-11.0.12.7-hotspot\bin\java.dll
0x00007ffe4c3a0000 - 0x00007ffe4c3aa000 	C:\Users\DELL\AppData\Local\Programs\Eclipse Foundation\jdk-11.0.12.7-hotspot\bin\jimage.dll
0x00007ffe39f20000 - 0x00007ffe39f37000 	C:\Users\DELL\AppData\Local\Programs\Eclipse Foundation\jdk-11.0.12.7-hotspot\bin\zip.dll
0x00007ffe54640000 - 0x00007ffe54d84000 	C:\WINDOWS\System32\SHELL32.dll
0x00007ffe51420000 - 0x00007ffe51bb3000 	C:\WINDOWS\SYSTEM32\windows.storage.dll
0x00007ffe55280000 - 0x00007ffe555d4000 	C:\WINDOWS\System32\combase.dll
0x00007ffe52fa0000 - 0x00007ffe52fce000 	C:\WINDOWS\SYSTEM32\Wldp.dll
0x00007ffe54070000 - 0x00007ffe5411d000 	C:\WINDOWS\System32\SHCORE.dll
0x00007ffe55b60000 - 0x00007ffe55bb5000 	C:\WINDOWS\System32\shlwapi.dll
0x00007ffe53480000 - 0x00007ffe5349f000 	C:\WINDOWS\SYSTEM32\profapi.dll
0x00007ffdf6490000 - 0x00007ffdf6629000 	C:\Users\DELL\AppData\Local\Programs\Eclipse Foundation\jdk-11.0.12.7-hotspot\bin\awt.dll
0x00007ffe54330000 - 0x00007ffe543fd000 	C:\WINDOWS\System32\OLEAUT32.dll
0x00007ffe50b90000 - 0x00007ffe50c20000 	C:\WINDOWS\SYSTEM32\apphelp.dll
0x00007ffe50f50000 - 0x00007ffe50f7f000 	C:\WINDOWS\system32\DWMAPI.DLL
0x00007ffe50d20000 - 0x00007ffe50dbe000 	C:\WINDOWS\system32\uxtheme.dll
0x00007ffe31d50000 - 0x00007ffe31e75000 	C:\WINDOWS\system32\opengl32.dll
0x00007ffe32910000 - 0x00007ffe3293c000 	C:\WINDOWS\SYSTEM32\GLU32.dll
0x00007ffe54510000 - 0x00007ffe54624000 	C:\WINDOWS\System32\MSCTF.dll
0x00007ffe54dc0000 - 0x00007ffe54eea000 	C:\WINDOWS\System32\ole32.dll

dbghelp: loaded successfully - version: 4.0.5 - missing functions: none
symbol engine: initialized successfully - sym options: 0x614 - pdb path: .;C:\Users\DELL\AppData\Local\Programs\Eclipse Foundation\jdk-11.0.12.7-hotspot\bin;C:\WINDOWS\SYSTEM32;C:\WINDOWS\WinSxS\amd64_microsoft.windows.common-controls_6595b64144ccf1df_6.0.19041.1110_none_60b5254171f9507e;C:\Users\DELL\AppData\Local\Programs\Eclipse Foundation\jdk-11.0.12.7-hotspot\bin\server

VM Arguments:
jvm_args: -Dfile.encoding=Cp1252 
java_command: minesweeper.GameFrame
java_class_path (initial): C:\Users\DELL\eclipse-workspace\Minesweeper\bin
Launcher Type: SUN_STANDARD

[Global flags]
     intx CICompilerCount                          = 3                                         {product} {ergonomic}
     uint ConcGCThreads                            = 1                                         {product} {ergonomic}
     uint G1ConcRefinementThreads                  = 4                                         {product} {ergonomic}
   size_t G1HeapRegionSize                         = 1048576                                   {product} {ergonomic}
    uintx GCDrainStackTargetSize                   = 64                                        {product} {ergonomic}
   size_t InitialHeapSize                          = 134217728                                 {product} {ergonomic}
   size_t MarkStackSize                            = 4194304                                   {product} {ergonomic}
   size_t MaxHeapSize                              = 2124414976                                {product} {ergonomic}
   size_t MaxNewSize                               = 1274019840                                {product} {ergonomic}
   size_t MinHeapDeltaBytes                        = 1048576                                   {product} {ergonomic}
    uintx NonNMethodCodeHeapSize                   = 5830732                                {pd product} {ergonomic}
    uintx NonProfiledCodeHeapSize                  = 122913754                              {pd product} {ergonomic}
    uintx ProfiledCodeHeapSize                     = 122913754                              {pd product} {ergonomic}
    uintx ReservedCodeCacheSize                    = 251658240                              {pd product} {ergonomic}
     bool SegmentedCodeCache                       = true                                      {product} {ergonomic}
     bool UseCompressedClassPointers               = true                                 {lp64_product} {ergonomic}
     bool UseCompressedOops                        = true                                 {lp64_product} {ergonomic}
     bool UseG1GC                                  = true                                      {product} {ergonomic}
     bool UseLargePagesIndividualAllocation        = false                                  {pd product} {ergonomic}

Logging:
Log output configuration:
 #0: stdout all=warning uptime,level,tags
 #1: stderr all=off uptime,level,tags

Environment Variables:
JAVA_HOME=C:\Program Files\Java\jdk-17
PATH=C:/Users/DELL/AppData/Local/Programs/Eclipse Foundation/jdk-11.0.12.7-hotspot/bin/server;C:/Users/DELL/AppData/Local/Programs/Eclipse Foundation/jdk-11.0.12.7-hotspot/bin;C:\Program Files\Common Files\Oracle\Java\javapath;C:\WINDOWS\system32;C:\WINDOWS;C:\WINDOWS\System32\Wbem;C:\WINDOWS\System32\WindowsPowerShell\v1.0\;C:\WINDOWS\System32\OpenSSH\;C:\Users\DELL\AppData\Local\Programs\Python\Python38-32\Scripts;C:\Program Files\dotnet\;C:\MinGW\mingw64\bin;C:\Program Files\Microsoft SQL Server\120\Tools\Binn\;C:\Program Files\Microsoft SQL Server\Client SDK\ODBC\110\Tools\Binn\;C:\Program Files (x86)\Microsoft SQL Server\120\Tools\Binn\;C:\Program Files\Microsoft SQL Server\120\DTS\Binn\;C:\Program Files (x86)\Microsoft SQL Server\120\Tools\Binn\ManagementStudio\;C:\Program Files (x86)\Microsoft SQL Server\120\DTS\Binn\;C:\Program Files\Java\jdk1.8.0_202\bin;D:\Git\cmd;D:\;C:\Program Files\Java\jre-10.0.2;C:\Users\DELL\AppData\Local\Programs\Microsoft VS Code\bin;C:\Users\DELL\AppData\Roaming\npm;C:\Users\DELL\Desktop;
USERNAME=DELL
OS=Windows_NT
PROCESSOR_IDENTIFIER=Intel64 Family 6 Model 69 Stepping 1, GenuineIntel



---------------  S Y S T E M  ---------------

OS: Windows 10 , 64 bit Build 19041 (10.0.19041.2788)
OS uptime: 4 days 8:58 hours

CPU:total 4 (initial active 4) (2 cores per cpu, 2 threads per core) family 6 model 69 stepping 1 microcode 0x25, cmov, cx8, fxsr, mmx, sse, sse2, sse3, ssse3, sse4.1, sse4.2, popcnt, avx, avx2, aes, clmul, erms, lzcnt, ht, tsc, tscinvbit, bmi1, bmi2, fma

Memory: 4k page, system-wide physical 8097M (557M free)
TotalPageFile size 15250M (AvailPageFile size 31M)
current process WorkingSet (physical memory assigned to process): 188M, peak: 188M
current process commit charge ("private bytes"): 236M, peak: 276M

vm_info: OpenJDK 64-Bit Server VM (11.0.12+7) for windows-amd64 JRE (11.0.12+7), built on Jul 21 2021 16:23:49 by "" with unknown MS VC++:1916

END.
