#
# There is insufficient memory for the Java Runtime Environment to continue.
# Native memory allocation (mmap) failed to map 134217728 bytes for Failed to commit area from 0x0000000081600000 to 0x0000000089600000 of length 134217728.
# Possible reasons:
#   The system is out of physical RAM or swap space
#   The process is running with CompressedOops enabled, and the Java Heap may be blocking the growth of the native heap
# Possible solutions:
#   Reduce memory load on the system
#   Increase physical memory or swap space
#   Check if swap backing store is full
#   Decrease Java heap size (-Xmx/-Xms)
#   Decrease number of Java threads
#   Decrease Java thread stack sizes (-Xss)
#   Set larger code cache with -XX:ReservedCodeCacheSize=
# This output file may be truncated or incomplete.
#
#  Out of Memory Error (./src/hotspot/os/windows/os_windows.cpp:3311), pid=8328, tid=12636
#
# JRE version:  (11.0.12+7) (build )
# Java VM: OpenJDK 64-Bit Server VM (11.0.12+7, mixed mode, sharing, tiered, compressed oops, g1 gc, windows-amd64)
# No core dump will be written. Minidumps are not enabled by default on client versions of Windows
#

---------------  S U M M A R Y ------------

Command Line: -Dfile.encoding=Cp1252 minesweeper.GameFrame

Host: Intel(R) Core(TM) i7-4500U CPU @ 1.80GHz, 4 cores, 7G,  Windows 10 , 64 bit Build 19041 (10.0.19041.2788)
Time: Tue May  2 23:23:16 2023 SE Asia Standard Time elapsed time: 0.043365 seconds (0d 0h 0m 0s)

---------------  T H R E A D  ---------------

Current thread (0x000001626645c000):  JavaThread "Unknown thread" [_thread_in_vm, id=12636, stack(0x00000028e7f00000,0x00000028e8000000)]

Stack: [0x00000028e7f00000,0x00000028e8000000]
Native frames: (J=compiled Java code, j=interpreted, Vv=VM code, C=native code)
V  [jvm.dll+0x601d0a]
V  [jvm.dll+0x78ab6e]
V  [jvm.dll+0x78c23f]
V  [jvm.dll+0x78c903]
V  [jvm.dll+0x24be68]
V  [jvm.dll+0x5feeaa]
V  [jvm.dll+0x5f3965]
V  [jvm.dll+0x303b0c]
V  [jvm.dll+0x303992]
V  [jvm.dll+0x3086b6]
V  [jvm.dll+0x34d57f]
V  [jvm.dll+0x34cfb0]
V  [jvm.dll+0x2e0c18]
V  [jvm.dll+0x2e1d76]
V  [jvm.dll+0x765ef7]
V  [jvm.dll+0x76767f]
V  [jvm.dll+0x35a309]
V  [jvm.dll+0x748f80]
V  [jvm.dll+0x3c1f3f]
V  [jvm.dll+0x3c4411]
C  [jli.dll+0x5207]
C  [ucrtbase.dll+0x21bb2]
C  [KERNEL32.DLL+0x17604]
C  [ntdll.dll+0x526a1]


---------------  P R O C E S S  ---------------

Threads class SMR info:
_java_thread_list=0x0000016264332510, length=0, elements={
}

Java Threads: ( => current thread )

Other Threads:
  0x000001626440c800 GCTaskThread "GC Thread#0" [stack: 0x00000028e8000000,0x00000028e8100000] [id=9388]
  0x000001626649f800 ConcurrentGCThread "G1 Main Marker" [stack: 0x00000028e8100000,0x00000028e8200000] [id=10432]
  0x00000162664a2800 ConcurrentGCThread "G1 Conc#0" [stack: 0x00000028e8200000,0x00000028e8300000] [id=9992]

[error occurred during error reporting (printing all threads), id 0xc0000005, EXCEPTION_ACCESS_VIOLATION (0xc0000005) at pc=0x00007ffdf42002e7]

VM state:not at safepoint (not fully initialized)

VM Mutex/Monitor currently owned by a thread:  ([mutex/lock_event])
[0x000001626645b6b0] Heap_lock - owner thread: 0x000001626645c000

Heap address: 0x0000000081600000, size: 2026 MB, Compressed Oops mode: Non-zero based: 0x0000000081600000
Narrow klass base: 0x0000000000000000, Narrow klass shift: 0

GC Heap History (0 events):
No events

Deoptimization events (0 events):
No events

Classes redefined (0 events):
No events

Internal exceptions (0 events):
No events

Events (1 events):
Event: 0.031 Loaded shared library C:\Users\DELL\AppData\Local\Programs\Eclipse Foundation\jdk-11.0.12.7-hotspot\bin\zip.dll


Dynamic libraries:
0x00007ff71b3d0000 - 0x00007ff71b3dd000 	C:\Users\DELL\AppData\Local\Programs\Eclipse Foundation\jdk-11.0.12.7-hotspot\bin\javaw.exe
0x00007ffe55e30000 - 0x00007ffe56028000 	C:\WINDOWS\SYSTEM32\ntdll.dll
0x00007ffe54120000 - 0x00007ffe541df000 	C:\WINDOWS\System32\KERNEL32.DLL
0x00007ffe536d0000 - 0x00007ffe539aa000 	C:\WINDOWS\System32\KERNELBASE.dll
0x00007ffe53af0000 - 0x00007ffe53bf0000 	C:\WINDOWS\System32\ucrtbase.dll
0x00007ffe39e90000 - 0x00007ffe39ea7000 	C:\Users\DELL\AppData\Local\Programs\Eclipse Foundation\jdk-11.0.12.7-hotspot\bin\jli.dll
0x00007ffe55c50000 - 0x00007ffe55ded000 	C:\WINDOWS\System32\USER32.dll
0x00007ffe539b0000 - 0x00007ffe539d2000 	C:\WINDOWS\System32\win32u.dll
0x00007ffe54040000 - 0x00007ffe5406b000 	C:\WINDOWS\System32\GDI32.dll
0x00007ffe539e0000 - 0x00007ffe53af0000 	C:\WINDOWS\System32\gdi32full.dll
0x00007ffe53d50000 - 0x00007ffe53ded000 	C:\WINDOWS\System32\msvcp_win.dll
0x00007ffe39c30000 - 0x00007ffe39c45000 	C:\Users\DELL\AppData\Local\Programs\Eclipse Foundation\jdk-11.0.12.7-hotspot\bin\VCRUNTIME140.dll
0x00007ffe42380000 - 0x00007ffe4261a000 	C:\WINDOWS\WinSxS\amd64_microsoft.windows.common-controls_6595b64144ccf1df_6.0.19041.1110_none_60b5254171f9507e\COMCTL32.dll
0x00007ffe54290000 - 0x00007ffe5432e000 	C:\WINDOWS\System32\msvcrt.dll
0x00007ffe54d90000 - 0x00007ffe54dc0000 	C:\WINDOWS\System32\IMM32.DLL
0x00007ffdfbae0000 - 0x00007ffdfbb7b000 	C:\Users\DELL\AppData\Local\Programs\Eclipse Foundation\jdk-11.0.12.7-hotspot\bin\msvcp140.dll
0x00007ffdf3f10000 - 0x00007ffdf4a69000 	C:\Users\DELL\AppData\Local\Programs\Eclipse Foundation\jdk-11.0.12.7-hotspot\bin\server\jvm.dll
0x00007ffe555e0000 - 0x00007ffe5568e000 	C:\WINDOWS\System32\ADVAPI32.dll
0x00007ffe54ef0000 - 0x00007ffe54f8c000 	C:\WINDOWS\System32\sechost.dll
0x00007ffe550f0000 - 0x00007ffe55216000 	C:\WINDOWS\System32\RPCRT4.dll
0x00007ffe54630000 - 0x00007ffe54638000 	C:\WINDOWS\System32\PSAPI.DLL
0x00007ffe3fda0000 - 0x00007ffe3fda9000 	C:\WINDOWS\SYSTEM32\WSOCK32.dll
0x00007ffe54f90000 - 0x00007ffe54ffb000 	C:\WINDOWS\System32\WS2_32.dll
0x00007ffe45c90000 - 0x00007ffe45cb7000 	C:\WINDOWS\SYSTEM32\WINMM.dll
0x00007ffe47a90000 - 0x00007ffe47a9a000 	C:\WINDOWS\SYSTEM32\VERSION.dll
0x00007ffe51d90000 - 0x00007ffe51da2000 	C:\WINDOWS\SYSTEM32\kernel.appcore.dll
0x00007ffe4c510000 - 0x00007ffe4c520000 	C:\Users\DELL\AppData\Local\Programs\Eclipse Foundation\jdk-11.0.12.7-hotspot\bin\verify.dll
0x00007ffe3f740000 - 0x00007ffe3f924000 	C:\WINDOWS\SYSTEM32\DBGHELP.DLL
0x00007ffe3f700000 - 0x00007ffe3f734000 	C:\WINDOWS\SYSTEM32\dbgcore.DLL
0x00007ffe53540000 - 0x00007ffe535c2000 	C:\WINDOWS\System32\bcryptPrimitives.dll
0x00007ffe39f40000 - 0x00007ffe39f68000 	C:\Users\DELL\AppData\Local\Programs\Eclipse Foundation\jdk-11.0.12.7-hotspot\bin\java.dll
0x00007ffe4c3a0000 - 0x00007ffe4c3aa000 	C:\Users\DELL\AppData\Local\Programs\Eclipse Foundation\jdk-11.0.12.7-hotspot\bin\jimage.dll
0x00007ffe39f20000 - 0x00007ffe39f37000 	C:\Users\DELL\AppData\Local\Programs\Eclipse Foundation\jdk-11.0.12.7-hotspot\bin\zip.dll

dbghelp: loaded successfully - version: 4.0.5 - missing functions: none
symbol engine: initialized successfully - sym options: 0x614 - pdb path: .;C:\Users\DELL\AppData\Local\Programs\Eclipse Foundation\jdk-11.0.12.7-hotspot\bin;C:\WINDOWS\SYSTEM32;C:\WINDOWS\WinSxS\amd64_microsoft.windows.common-controls_6595b64144ccf1df_6.0.19041.1110_none_60b5254171f9507e;C:\Users\DELL\AppData\Local\Programs\Eclipse Foundation\jdk-11.0.12.7-hotspot\bin\server

VM Arguments:
jvm_args: -Dfile.encoding=Cp1252 
java_command: minesweeper.GameFrame
java_class_path (initial): C:\Users\DELL\eclipse-workspace\Minesweeper\bin
Launcher Type: SUN_STANDARD

[Global flags]
     intx CICompilerCount                          = 3                                         {product} {ergonomic}
     uint ConcGCThreads                            = 1                                         {product} {ergonomic}
     uint G1ConcRefinementThreads                  = 4                                         {product} {ergonomic}
   size_t G1HeapRegionSize                         = 1048576                                   {product} {ergonomic}
    uintx GCDrainStackTargetSize                   = 64                                        {product} {ergonomic}
   size_t InitialHeapSize                          = 134217728                                 {product} {ergonomic}
   size_t MarkStackSize                            = 4194304                                   {product} {ergonomic}
   size_t MaxHeapSize                              = 2124414976                                {product} {ergonomic}
   size_t MinHeapDeltaBytes                        = 1048576                                   {product} {ergonomic}
    uintx NonNMethodCodeHeapSize                   = 5830732                                {pd product} {ergonomic}
    uintx NonProfiledCodeHeapSize                  = 122913754                              {pd product} {ergonomic}
    uintx ProfiledCodeHeapSize                     = 122913754                              {pd product} {ergonomic}
    uintx ReservedCodeCacheSize                    = 251658240                              {pd product} {ergonomic}
     bool SegmentedCodeCache                       = true                                      {product} {ergonomic}
     bool UseCompressedClassPointers               = true                                 {lp64_product} {ergonomic}
     bool UseCompressedOops                        = true                                 {lp64_product} {ergonomic}
     bool UseG1GC                                  = true                                      {product} {ergonomic}
     bool UseLargePagesIndividualAllocation        = false                                  {pd product} {ergonomic}

Logging:
Log output configuration:
 #0: stdout all=warning uptime,level,tags
 #1: stderr all=off uptime,level,tags

Environment Variables:
JAVA_HOME=C:\Program Files\Java\jdk-17
PATH=C:/Users/DELL/AppData/Local/Programs/Eclipse Foundation/jdk-11.0.12.7-hotspot/bin/server;C:/Users/DELL/AppData/Local/Programs/Eclipse Foundation/jdk-11.0.12.7-hotspot/bin;C:\Program Files\Common Files\Oracle\Java\javapath;C:\WINDOWS\system32;C:\WINDOWS;C:\WINDOWS\System32\Wbem;C:\WINDOWS\System32\WindowsPowerShell\v1.0\;C:\WINDOWS\System32\OpenSSH\;C:\Users\DELL\AppData\Local\Programs\Python\Python38-32\Scripts;C:\Program Files\dotnet\;C:\MinGW\mingw64\bin;C:\Program Files\Microsoft SQL Server\120\Tools\Binn\;C:\Program Files\Microsoft SQL Server\Client SDK\ODBC\110\Tools\Binn\;C:\Program Files (x86)\Microsoft SQL Server\120\Tools\Binn\;C:\Program Files\Microsoft SQL Server\120\DTS\Binn\;C:\Program Files (x86)\Microsoft SQL Server\120\Tools\Binn\ManagementStudio\;C:\Program Files (x86)\Microsoft SQL Server\120\DTS\Binn\;C:\Program Files\Java\jdk1.8.0_202\bin;D:\Git\cmd;D:\;C:\Program Files\Java\jre-10.0.2;C:\Users\DELL\AppData\Local\Programs\Microsoft VS Code\bin;C:\Users\DELL\AppData\Roaming\npm;C:\Users\DELL\Desktop;
USERNAME=DELL
OS=Windows_NT
PROCESSOR_IDENTIFIER=Intel64 Family 6 Model 69 Stepping 1, GenuineIntel



---------------  S Y S T E M  ---------------

OS: Windows 10 , 64 bit Build 19041 (10.0.19041.2788)
OS uptime: 4 days 9:08 hours

CPU:total 4 (initial active 4) (2 cores per cpu, 2 threads per core) family 6 model 69 stepping 1 microcode 0x25, cmov, cx8, fxsr, mmx, sse, sse2, sse3, ssse3, sse4.1, sse4.2, popcnt, avx, avx2, aes, clmul, erms, lzcnt, ht, tsc, tscinvbit, bmi1, bmi2, fma

Memory: 4k page, system-wide physical 8097M (1004M free)
TotalPageFile size 15250M (AvailPageFile size 103M)
current process WorkingSet (physical memory assigned to process): 9M, peak: 9M
current process commit charge ("private bytes"): 51M, peak: 179M

vm_info: OpenJDK 64-Bit Server VM (11.0.12+7) for windows-amd64 JRE (11.0.12+7), built on Jul 21 2021 16:23:49 by "" with unknown MS VC++:1916

END.
